<?xml version="1.0" encoding="UTF-8"?>
<testng-results skipped="0" failed="1" ignored="0" total="2" passed="1">
  <reporter-output>
  </reporter-output>
  <suite name="Default suite" duration-ms="81824" started-at="2020-03-16T12:55:44 IST" finished-at="2020-03-16T12:57:06 IST">
    <groups>
    </groups>
    <test name="Default test" duration-ms="81824" started-at="2020-03-16T12:55:44 IST" finished-at="2020-03-16T12:57:06 IST">
      <class name="shaadimavenTC.LoginPageTC">
        <test-method status="PASS" signature="beforesuit()[pri:0, instance:shaadimavenTC.LoginPageTC@7494e528]" name="beforesuit" is-config="true" duration-ms="133" started-at="2020-03-16T12:55:44 IST" finished-at="2020-03-16T12:55:44 IST">
          <reporter-output>
          </reporter-output>
        </test-method> <!-- beforesuit -->
        <test-method status="PASS" signature="beforeTest()[pri:0, instance:shaadimavenTC.LoginPageTC@7494e528]" name="beforeTest" is-config="true" duration-ms="10727" started-at="2020-03-16T12:55:44 IST" finished-at="2020-03-16T12:55:54 IST">
          <reporter-output>
          </reporter-output>
        </test-method> <!-- beforeTest -->
        <test-method status="PASS" signature="beforMethod(java.lang.reflect.Method)[pri:0, instance:shaadimavenTC.LoginPageTC@7494e528]" name="beforMethod" is-config="true" duration-ms="2" started-at="2020-03-16T12:55:55 IST" finished-at="2020-03-16T12:55:55 IST">
          <params>
            <param index="0">
              <value>
                <![CDATA[public void shaadimavenTC.LoginPageTC.verifytitle()]]>
              </value>
            </param>
          </params>
          <reporter-output>
          </reporter-output>
        </test-method> <!-- beforMethod -->
        <test-method status="PASS" signature="verifytitle()[pri:1, instance:shaadimavenTC.LoginPageTC@7494e528]" name="verifytitle" duration-ms="54" started-at="2020-03-16T12:55:55 IST" finished-at="2020-03-16T12:55:55 IST">
          <reporter-output>
          </reporter-output>
        </test-method> <!-- verifytitle -->
        <test-method status="PASS" signature="afterMethod(org.testng.ITestResult)[pri:0, instance:shaadimavenTC.LoginPageTC@7494e528]" name="afterMethod" is-config="true" duration-ms="1" started-at="2020-03-16T12:55:55 IST" finished-at="2020-03-16T12:55:55 IST">
          <params>
            <param index="0">
              <value>
                <![CDATA[[TestResult name=verifytitle status=SUCCESS method=LoginPageTC.verifytitle()[pri:1, instance:shaadimavenTC.LoginPageTC@7494e528] output={null}]]]>
              </value>
            </param>
          </params>
          <reporter-output>
          </reporter-output>
        </test-method> <!-- afterMethod -->
        <test-method status="PASS" signature="beforMethod(java.lang.reflect.Method)[pri:0, instance:shaadimavenTC.LoginPageTC@7494e528]" name="beforMethod" is-config="true" duration-ms="0" started-at="2020-03-16T12:55:55 IST" finished-at="2020-03-16T12:55:55 IST">
          <params>
            <param index="0">
              <value>
                <![CDATA[public void shaadimavenTC.LoginPageTC.verifyLoginPage() throws java.lang.InterruptedException]]>
              </value>
            </param>
          </params>
          <reporter-output>
          </reporter-output>
        </test-method> <!-- beforMethod -->
        <test-method status="FAIL" signature="verifyLoginPage()[pri:2, instance:shaadimavenTC.LoginPageTC@7494e528]" name="verifyLoginPage" duration-ms="69551" started-at="2020-03-16T12:55:55 IST" finished-at="2020-03-16T12:57:04 IST">
          <exception class="org.openqa.selenium.NoSuchElementException">
            <message>
              <![CDATA[no such element: Unable to locate element: {"method":"xpath","selector":"//*[@id="root"]/div/div/div[q]/div[1]/div/h1"}
  (Session info: chrome=80.0.3987.132)
For documentation on this error, please visit: http://seleniumhq.org/exceptions/no_such_element.html
Build info: version: '3.14.0', revision: 'aacccce0', time: '2018-08-02T20:19:58.91Z'
System info: host: 'NDI-LAP-841', ip: '192.168.43.203', os.name: 'Windows 10', os.arch: 'amd64', os.version: '10.0', java.version: '1.8.0_241'
Driver info: org.openqa.selenium.chrome.ChromeDriver
Capabilities {acceptInsecureCerts: false, browserName: chrome, browserVersion: 80.0.3987.132, chrome: {chromedriverVersion: 80.0.3987.16 (320f6526c1632..., userDataDir: C:\Users\RAJU~1.NAD\AppData...}, goog:chromeOptions: {debuggerAddress: localhost:63702}, javascriptEnabled: true, networkConnectionEnabled: false, pageLoadStrategy: normal, platform: WINDOWS, platformName: WINDOWS, proxy: Proxy(), setWindowRect: true, strictFileInteractability: false, timeouts: {implicit: 0, pageLoad: 300000, script: 30000}, unhandledPromptBehavior: dismiss and notify}
Session ID: 6317378c6270f773ead4bd9ee66d8f8d
*** Element info: {Using=xpath, value=//*[@id="root"]/div/div/div[q]/div[1]/div/h1}]]>
            </message>
            <full-stacktrace>
              <![CDATA[org.openqa.selenium.NoSuchElementException: no such element: Unable to locate element: {"method":"xpath","selector":"//*[@id="root"]/div/div/div[q]/div[1]/div/h1"}
  (Session info: chrome=80.0.3987.132)
For documentation on this error, please visit: http://seleniumhq.org/exceptions/no_such_element.html
Build info: version: '3.14.0', revision: 'aacccce0', time: '2018-08-02T20:19:58.91Z'
System info: host: 'NDI-LAP-841', ip: '192.168.43.203', os.name: 'Windows 10', os.arch: 'amd64', os.version: '10.0', java.version: '1.8.0_241'
Driver info: org.openqa.selenium.chrome.ChromeDriver
Capabilities {acceptInsecureCerts: false, browserName: chrome, browserVersion: 80.0.3987.132, chrome: {chromedriverVersion: 80.0.3987.16 (320f6526c1632..., userDataDir: C:\Users\RAJU~1.NAD\AppData...}, goog:chromeOptions: {debuggerAddress: localhost:63702}, javascriptEnabled: true, networkConnectionEnabled: false, pageLoadStrategy: normal, platform: WINDOWS, platformName: WINDOWS, proxy: Proxy(), setWindowRect: true, strictFileInteractability: false, timeouts: {implicit: 0, pageLoad: 300000, script: 30000}, unhandledPromptBehavior: dismiss and notify}
Session ID: 6317378c6270f773ead4bd9ee66d8f8d
*** Element info: {Using=xpath, value=//*[@id="root"]/div/div/div[q]/div[1]/div/h1}
at sun.reflect.NativeConstructorAccessorImpl.newInstance0(Native Method)
at sun.reflect.NativeConstructorAccessorImpl.newInstance(Unknown Source)
at sun.reflect.DelegatingConstructorAccessorImpl.newInstance(Unknown Source)
at java.lang.reflect.Constructor.newInstance(Unknown Source)
at org.openqa.selenium.remote.http.W3CHttpResponseCodec.createException(W3CHttpResponseCodec.java:187)
at org.openqa.selenium.remote.http.W3CHttpResponseCodec.decode(W3CHttpResponseCodec.java:122)
at org.openqa.selenium.remote.http.W3CHttpResponseCodec.decode(W3CHttpResponseCodec.java:49)
at org.openqa.selenium.remote.HttpCommandExecutor.execute(HttpCommandExecutor.java:158)
at org.openqa.selenium.remote.service.DriverCommandExecutor.execute(DriverCommandExecutor.java:83)
at org.openqa.selenium.remote.RemoteWebDriver.execute(RemoteWebDriver.java:548)
at org.openqa.selenium.remote.RemoteWebDriver.findElement(RemoteWebDriver.java:322)
at org.openqa.selenium.remote.RemoteWebDriver.findElementByXPath(RemoteWebDriver.java:424)
at org.openqa.selenium.By$ByXPath.findElement(By.java:353)
at org.openqa.selenium.remote.RemoteWebDriver.findElement(RemoteWebDriver.java:314)
at org.openqa.selenium.support.pagefactory.DefaultElementLocator.findElement(DefaultElementLocator.java:69)
at org.openqa.selenium.support.pagefactory.internal.LocatingElementHandler.invoke(LocatingElementHandler.java:38)
at com.sun.proxy.$Proxy12.getText(Unknown Source)
at shaadimavenpageFUNC.LoginPagePF.methodMoreDetails(LoginPagePF.java:153)
at shaadimavenTC.LoginPageTC.verifyLoginPage(LoginPageTC.java:36)
at sun.reflect.NativeMethodAccessorImpl.invoke0(Native Method)
at sun.reflect.NativeMethodAccessorImpl.invoke(Unknown Source)
at sun.reflect.DelegatingMethodAccessorImpl.invoke(Unknown Source)
at java.lang.reflect.Method.invoke(Unknown Source)
at org.testng.internal.MethodInvocationHelper.invokeMethod(MethodInvocationHelper.java:133)
at org.testng.internal.TestInvoker.invokeMethod(TestInvoker.java:584)
at org.testng.internal.TestInvoker.invokeTestMethod(TestInvoker.java:172)
at org.testng.internal.MethodRunner.runInSequence(MethodRunner.java:46)
at org.testng.internal.TestInvoker$MethodInvocationAgent.invoke(TestInvoker.java:804)
at org.testng.internal.TestInvoker.invokeTestMethods(TestInvoker.java:145)
at org.testng.internal.TestMethodWorker.invokeTestMethods(TestMethodWorker.java:146)
at org.testng.internal.TestMethodWorker.run(TestMethodWorker.java:128)
at java.util.ArrayList.forEach(Unknown Source)
at org.testng.TestRunner.privateRun(TestRunner.java:770)
at org.testng.TestRunner.run(TestRunner.java:591)
at org.testng.SuiteRunner.runTest(SuiteRunner.java:402)
at org.testng.SuiteRunner.runSequentially(SuiteRunner.java:396)
at org.testng.SuiteRunner.privateRun(SuiteRunner.java:355)
at org.testng.SuiteRunner.run(SuiteRunner.java:304)
at org.testng.SuiteRunnerWorker.runSuite(SuiteRunnerWorker.java:53)
at org.testng.SuiteRunnerWorker.run(SuiteRunnerWorker.java:96)
at org.testng.TestNG.runSuitesSequentially(TestNG.java:1180)
at org.testng.TestNG.runSuitesLocally(TestNG.java:1102)
at org.testng.TestNG.runSuites(TestNG.java:1032)
at org.testng.TestNG.run(TestNG.java:1000)
at org.testng.remote.AbstractRemoteTestNG.run(AbstractRemoteTestNG.java:115)
at org.testng.remote.RemoteTestNG.initAndRun(RemoteTestNG.java:251)
at org.testng.remote.RemoteTestNG.main(RemoteTestNG.java:77)
]]>
            </full-stacktrace>
          </exception> <!-- org.openqa.selenium.NoSuchElementException -->
          <reporter-output>
          </reporter-output>
        </test-method> <!-- verifyLoginPage -->
        <test-method status="PASS" signature="afterMethod(org.testng.ITestResult)[pri:0, instance:shaadimavenTC.LoginPageTC@7494e528]" name="afterMethod" is-config="true" duration-ms="422" started-at="2020-03-16T12:57:04 IST" finished-at="2020-03-16T12:57:05 IST">
          <params>
            <param index="0">
              <value>
                <![CDATA[[TestResult name=verifyLoginPage status=FAILURE method=LoginPageTC.verifyLoginPage()[pri:2, instance:shaadimavenTC.LoginPageTC@7494e528] output={null}]]]>
              </value>
            </param>
          </params>
          <reporter-output>
          </reporter-output>
        </test-method> <!-- afterMethod -->
        <test-method status="PASS" signature="afterTest()[pri:0, instance:shaadimavenTC.LoginPageTC@7494e528]" name="afterTest" is-config="true" duration-ms="1023" started-at="2020-03-16T12:57:05 IST" finished-at="2020-03-16T12:57:06 IST">
          <reporter-output>
          </reporter-output>
        </test-method> <!-- afterTest -->
      </class> <!-- shaadimavenTC.LoginPageTC -->
    </test> <!-- Default test -->
  </suite> <!-- Default suite -->
</testng-results>
